<?xml version="1.0" encoding="UTF-8"?>
<testng-results skipped="0" failed="0" ignored="0" total="0" passed="0">
  <reporter-output>
  </reporter-output>
  <suite name="com.lambda.qa.testcases.HomePageTest" duration-ms="16" started-at="2022-05-02T16:38:49 UTC" finished-at="2022-05-02T16:38:49 UTC">
    <groups>
    </groups>
    <test name="Command line test" duration-ms="16" started-at="2022-05-02T16:38:49 UTC" finished-at="2022-05-02T16:38:49 UTC">
    </test> <!-- Command line test -->
  </suite> <!-- com.lambda.qa.testcases.HomePageTest -->
</testng-results>
